c:\users\hamdy\downloads\imgui-loader-base-master\circuit_.82212cf7\x64\debug\vc143.pdb
c:\users\hamdy\downloads\imgui-loader-base-master\circuit_.82212cf7\x64\debug\vc143.idb
c:\users\hamdy\downloads\imgui-loader-base-master\circuit_.82212cf7\x64\debug\main.obj
c:\users\hamdy\downloads\imgui-loader-base-master\circuit_.82212cf7\x64\debug\imgui_widgets.obj
c:\users\hamdy\downloads\imgui-loader-base-master\circuit_.82212cf7\x64\debug\imgui_tables.obj
c:\users\hamdy\downloads\imgui-loader-base-master\circuit_.82212cf7\x64\debug\imgui_impl_win32.obj
c:\users\hamdy\downloads\imgui-loader-base-master\circuit_.82212cf7\x64\debug\imgui_impl_dx9.obj
c:\users\hamdy\downloads\imgui-loader-base-master\circuit_.82212cf7\x64\debug\imgui_draw.obj
c:\users\hamdy\downloads\imgui-loader-base-master\circuit_.82212cf7\x64\debug\imgui_demo.obj
c:\users\hamdy\downloads\imgui-loader-base-master\circuit_.82212cf7\x64\debug\imgui.obj
c:\users\hamdy\downloads\imgui-loader-base-master\circuit_.82212cf7\x64\debug\ui.obj
c:\users\hamdy\downloads\imgui-loader-base-master\circuit_.82212cf7\x64\debug\core.obj
c:\users\hamdy\downloads\imgui-loader-base-master\circuit_.82212cf7\x64\debug\mflinkedlist.h.ifc
c:\users\hamdy\downloads\imgui-loader-base-master\circuit_.82212cf7\x64\debug\mflinkedlist.h.ifc.d.json
c:\users\hamdy\downloads\imgui-loader-base-master\circuit_.82212cf7\x64\debug\mflinkedlist.h.obj
c:\users\hamdy\downloads\imgui-loader-base-master\x64\debug\circuit_simulator.exe
c:\users\hamdy\downloads\imgui-loader-base-master\x64\debug\circuit_simulator.pdb
c:\users\hamdy\downloads\imgui-loader-base-master\circuit_.82212cf7\x64\debug\mflinkedlist.h.module.json
c:\users\hamdy\downloads\imgui-loader-base-master\circuit_.82212cf7\x64\debug\circuit_simulator.ilk
c:\users\hamdy\downloads\imgui-loader-base-master\circuit_.82212cf7\x64\debug\circuit_.82212cf7.tlog\cl.command.1.tlog
c:\users\hamdy\downloads\imgui-loader-base-master\circuit_.82212cf7\x64\debug\circuit_.82212cf7.tlog\cl.items.tlog
c:\users\hamdy\downloads\imgui-loader-base-master\circuit_.82212cf7\x64\debug\circuit_.82212cf7.tlog\cl.read.1.tlog
c:\users\hamdy\downloads\imgui-loader-base-master\circuit_.82212cf7\x64\debug\circuit_.82212cf7.tlog\cl.write.1.tlog
c:\users\hamdy\downloads\imgui-loader-base-master\circuit_.82212cf7\x64\debug\circuit_.82212cf7.tlog\link.command.1.tlog
c:\users\hamdy\downloads\imgui-loader-base-master\circuit_.82212cf7\x64\debug\circuit_.82212cf7.tlog\link.read.1.tlog
c:\users\hamdy\downloads\imgui-loader-base-master\circuit_.82212cf7\x64\debug\circuit_.82212cf7.tlog\link.secondary.1.tlog
c:\users\hamdy\downloads\imgui-loader-base-master\circuit_.82212cf7\x64\debug\circuit_.82212cf7.tlog\link.write.1.tlog
c:\users\hamdy\downloads\imgui-loader-base-master\circuit_.82212cf7\x64\debug\circuit_.82212cf7_md.tlog\cl.command.1.tlog
c:\users\hamdy\downloads\imgui-loader-base-master\circuit_.82212cf7\x64\debug\circuit_.82212cf7_md.tlog\microsoft.build.cpptasks.cl.read.1.tlog
c:\users\hamdy\downloads\imgui-loader-base-master\circuit_.82212cf7\x64\debug\circuit_.82212cf7_md.tlog\microsoft.build.cpptasks.cl.write.1.tlog
